D:\retrocomputing\CM5300\pdp11-mt-controller\pcb\MT-CONTROLLER-PROTOTY
PE_C-II.GTL:
File Finished:
Errors: 0
Warnings: 0

D:\retrocomputing\CM5300\pdp11-mt-controller\pcb\MT-CONTROLLER-PROTOTY
PE_C-II.GBL:
File Finished:
Errors: 0
Warnings: 0

D:\retrocomputing\CM5300\pdp11-mt-controller\pcb\MT-CONTROLLER-PROTOTY
PE_C-II.G2L:
File Finished:
Errors: 0
Warnings: 0

D:\retrocomputing\CM5300\pdp11-mt-controller\pcb\MT-CONTROLLER-PROTOTY
PE_C-II.G3L:
File Finished:
Errors: 0
Warnings: 0

D:\retrocomputing\CM5300\pdp11-mt-controller\pcb\MT-CONTROLLER-PROTOTY
PE_C-II.GKO:
File Finished:
Errors: 0
Warnings: 0

D:\retrocomputing\CM5300\pdp11-mt-controller\pcb\MT-CONTROLLER-PROTOTY
PE_C-II.GTO:
File Finished:
Errors: 0
Warnings: 0

D:\retrocomputing\CM5300\pdp11-mt-controller\pcb\MT-CONTROLLER-PROTOTY
PE_C-II.GTS:
File Finished:
Errors: 0
Warnings: 0

D:\retrocomputing\CM5300\pdp11-mt-controller\pcb\MT-CONTROLLER-PROTOTY
PE_C-II.GBS:
File Finished:
Errors: 0
Warnings: 0

D:\retrocomputing\CM5300\pdp11-mt-controller\pcb\MT-CONTROLLER-PROTOTY
PE_C-II.GBO:
File Finished:
Errors: 0
Warnings: 0

Output Finished:
Errors: 0
Warnings: 0
Files: 9
