Flow report for mt11_controller_c-ii
Tue Aug 03 17:11:17 2021
Quartus II 32-bit Version 13.0.1 Build 232 06/12/2013 Service Pack 1 SJ Web Edition


---------------------
; Table of Contents ;
---------------------
  1. Legal Notice
  2. Flow Summary
  3. Flow Settings
  4. Flow Non-Default Global Settings
  5. Flow Elapsed Time
  6. Flow OS Summary
  7. Flow Log
  8. Flow Messages
  9. Flow Suppressed Messages



----------------
; Legal Notice ;
----------------
Copyright (C) 1991-2013 Altera Corporation
Your use of Altera Corporation's design tools, logic functions 
and other software and tools, and its AMPP partner logic 
functions, and any output files from any of the foregoing 
(including device programming or simulation files), and any 
associated documentation or information are expressly subject 
to the terms and conditions of the Altera Program License 
Subscription Agreement, Altera MegaCore Function License 
Agreement, or other applicable license agreement, including, 
without limitation, that your use is for the sole purpose of 
programming logic devices manufactured by Altera and sold by 
Altera or its authorized distributors.  Please refer to the 
applicable agreement for further details.



+--------------------------------------------------------------------------------------+
; Flow Summary                                                                         ;
+------------------------------------+-------------------------------------------------+
; Flow Status                        ; Successful - Tue Aug 03 17:11:11 2021           ;
; Quartus II 32-bit Version          ; 13.0.1 Build 232 06/12/2013 SP 1 SJ Web Edition ;
; Revision Name                      ; mt11_controller_c-ii                            ;
; Top-level Entity Name              ; mt11_controller_c-ii                            ;
; Family                             ; Cyclone II                                      ;
; Device                             ; EP2C35F484I8                                    ;
; Timing Models                      ; Final                                           ;
; Total logic elements               ; 908 / 33,216 ( 3 % )                            ;
;     Total combinational functions  ; 860 / 33,216 ( 3 % )                            ;
;     Dedicated logic registers      ; 382 / 33,216 ( 1 % )                            ;
; Total registers                    ; 382                                             ;
; Total pins                         ; 121 / 322 ( 38 % )                              ;
; Total virtual pins                 ; 0                                               ;
; Total memory bits                  ; 0 / 483,840 ( 0 % )                             ;
; Embedded Multiplier 9-bit elements ; 0 / 70 ( 0 % )                                  ;
; Total PLLs                         ; 0 / 4 ( 0 % )                                   ;
+------------------------------------+-------------------------------------------------+


+------------------------------------------+
; Flow Settings                            ;
+-------------------+----------------------+
; Option            ; Setting              ;
+-------------------+----------------------+
; Start date & time ; 08/03/2021 17:10:24  ;
; Main task         ; Compilation          ;
; Revision Name     ; mt11_controller_c-ii ;
+-------------------+----------------------+


+------------------------------------------------------------------------------------------------------------------------+
; Flow Non-Default Global Settings                                                                                       ;
+-------------------------------------+---------------------------------------+---------------+-------------+------------+
; Assignment Name                     ; Value                                 ; Default Value ; Entity Name ; Section Id ;
+-------------------------------------+---------------------------------------+---------------+-------------+------------+
; COMPILER_SIGNATURE_ID               ; 61986966677115.162799982307572        ; --            ; --          ; --         ;
; IP_TOOL_NAME                        ; LPM_COUNTER                           ; --            ; --          ; --         ;
; IP_TOOL_NAME                        ; LPM_MUX                               ; --            ; --          ; --         ;
; IP_TOOL_NAME                        ; LPM_MUX                               ; --            ; --          ; --         ;
; IP_TOOL_NAME                        ; LPM_COUNTER                           ; --            ; --          ; --         ;
; IP_TOOL_NAME                        ; LPM_COUNTER                           ; --            ; --          ; --         ;
; IP_TOOL_NAME                        ; LPM_COUNTER                           ; --            ; --          ; --         ;
; IP_TOOL_NAME                        ; LPM_DECODE                            ; --            ; --          ; --         ;
; IP_TOOL_NAME                        ; LPM_DECODE                            ; --            ; --          ; --         ;
; IP_TOOL_NAME                        ; LPM_MUX                               ; --            ; --          ; --         ;
; IP_TOOL_NAME                        ; LPM_CONSTANT                          ; --            ; --          ; --         ;
; IP_TOOL_NAME                        ; LPM_SHIFTREG                          ; --            ; --          ; --         ;
; IP_TOOL_NAME                        ; LPM_COUNTER                           ; --            ; --          ; --         ;
; IP_TOOL_NAME                        ; LPM_COUNTER                           ; --            ; --          ; --         ;
; IP_TOOL_NAME                        ; LPM_COUNTER                           ; --            ; --          ; --         ;
; IP_TOOL_NAME                        ; LPM_COMPARE                           ; --            ; --          ; --         ;
; IP_TOOL_NAME                        ; LPM_COUNTER                           ; --            ; --          ; --         ;
; IP_TOOL_NAME                        ; LPM_COMPARE                           ; --            ; --          ; --         ;
; IP_TOOL_NAME                        ; LPM_COUNTER                           ; --            ; --          ; --         ;
; IP_TOOL_NAME                        ; LPM_COMPARE                           ; --            ; --          ; --         ;
; IP_TOOL_NAME                        ; LPM_COMPARE                           ; --            ; --          ; --         ;
; IP_TOOL_NAME                        ; LPM_COMPARE                           ; --            ; --          ; --         ;
; IP_TOOL_NAME                        ; LPM_COUNTER                           ; --            ; --          ; --         ;
; IP_TOOL_NAME                        ; LPM_CONSTANT                          ; --            ; --          ; --         ;
; IP_TOOL_NAME                        ; LPM_COMPARE                           ; --            ; --          ; --         ;
; IP_TOOL_NAME                        ; LPM_CONSTANT                          ; --            ; --          ; --         ;
; IP_TOOL_VERSION                     ; 13.0                                  ; --            ; --          ; --         ;
; IP_TOOL_VERSION                     ; 13.0                                  ; --            ; --          ; --         ;
; IP_TOOL_VERSION                     ; 13.0                                  ; --            ; --          ; --         ;
; IP_TOOL_VERSION                     ; 13.0                                  ; --            ; --          ; --         ;
; IP_TOOL_VERSION                     ; 13.0                                  ; --            ; --          ; --         ;
; IP_TOOL_VERSION                     ; 13.0                                  ; --            ; --          ; --         ;
; IP_TOOL_VERSION                     ; 13.0                                  ; --            ; --          ; --         ;
; IP_TOOL_VERSION                     ; 13.0                                  ; --            ; --          ; --         ;
; IP_TOOL_VERSION                     ; 13.0                                  ; --            ; --          ; --         ;
; IP_TOOL_VERSION                     ; 13.0                                  ; --            ; --          ; --         ;
; IP_TOOL_VERSION                     ; 13.0                                  ; --            ; --          ; --         ;
; IP_TOOL_VERSION                     ; 13.0                                  ; --            ; --          ; --         ;
; IP_TOOL_VERSION                     ; 13.0                                  ; --            ; --          ; --         ;
; IP_TOOL_VERSION                     ; 13.0                                  ; --            ; --          ; --         ;
; IP_TOOL_VERSION                     ; 13.0                                  ; --            ; --          ; --         ;
; IP_TOOL_VERSION                     ; 13.0                                  ; --            ; --          ; --         ;
; IP_TOOL_VERSION                     ; 13.0                                  ; --            ; --          ; --         ;
; IP_TOOL_VERSION                     ; 13.0                                  ; --            ; --          ; --         ;
; IP_TOOL_VERSION                     ; 13.0                                  ; --            ; --          ; --         ;
; IP_TOOL_VERSION                     ; 13.0                                  ; --            ; --          ; --         ;
; IP_TOOL_VERSION                     ; 13.0                                  ; --            ; --          ; --         ;
; IP_TOOL_VERSION                     ; 13.0                                  ; --            ; --          ; --         ;
; IP_TOOL_VERSION                     ; 13.0                                  ; --            ; --          ; --         ;
; IP_TOOL_VERSION                     ; 13.0                                  ; --            ; --          ; --         ;
; IP_TOOL_VERSION                     ; 13.0                                  ; --            ; --          ; --         ;
; MAX_CORE_JUNCTION_TEMP              ; 125                                   ; --            ; --          ; --         ;
; MIN_CORE_JUNCTION_TEMP              ; -40                                   ; --            ; --          ; --         ;
; MISC_FILE                           ; count_16_aload.bsf                    ; --            ; --          ; --         ;
; MISC_FILE                           ; count_16_aload.cmp                    ; --            ; --          ; --         ;
; MISC_FILE                           ; mux_qbus_out_16x8.bsf                 ; --            ; --          ; --         ;
; MISC_FILE                           ; mux_qbus_out_16x8.cmp                 ; --            ; --          ; --         ;
; MISC_FILE                           ; qbus_mux_8x16.bsf                     ; --            ; --          ; --         ;
; MISC_FILE                           ; qbus_mux_8x16.cmp                     ; --            ; --          ; --         ;
; MISC_FILE                           ; count_8_aload.bsf                     ; --            ; --          ; --         ;
; MISC_FILE                           ; count_8_aload.cmp                     ; --            ; --          ; --         ;
; MISC_FILE                           ; count_26.bsf                          ; --            ; --          ; --         ;
; MISC_FILE                           ; count_26.cmp                          ; --            ; --          ; --         ;
; MISC_FILE                           ; count_2_aload.bsf                     ; --            ; --          ; --         ;
; MISC_FILE                           ; count_2_aload.cmp                     ; --            ; --          ; --         ;
; MISC_FILE                           ; decode_6.bsf                          ; --            ; --          ; --         ;
; MISC_FILE                           ; decode_6.cmp                          ; --            ; --          ; --         ;
; MISC_FILE                           ; decode_8.bsf                          ; --            ; --          ; --         ;
; MISC_FILE                           ; decode_8.cmp                          ; --            ; --          ; --         ;
; MISC_FILE                           ; qbus_mux_4x16.bsf                     ; --            ; --          ; --         ;
; MISC_FILE                           ; qbus_mux_4x16.cmp                     ; --            ; --          ; --         ;
; MISC_FILE                           ; lpm_constant0.bsf                     ; --            ; --          ; --         ;
; MISC_FILE                           ; lpm_constant0.cmp                     ; --            ; --          ; --         ;
; MISC_FILE                           ; sh.bsf                                ; --            ; --          ; --         ;
; MISC_FILE                           ; sh.cmp                                ; --            ; --          ; --         ;
; MISC_FILE                           ; count_m304_120ns.bsf                  ; --            ; --          ; --         ;
; MISC_FILE                           ; count_m304_120ns.cmp                  ; --            ; --          ; --         ;
; MISC_FILE                           ; output_files/count_m304_1us.bsf       ; --            ; --          ; --         ;
; MISC_FILE                           ; output_files/count_m304_1us.cmp       ; --            ; --          ; --         ;
; MISC_FILE                           ; count_m307_15us.bsf                   ; --            ; --          ; --         ;
; MISC_FILE                           ; count_m307_15us.cmp                   ; --            ; --          ; --         ;
; MISC_FILE                           ; comp_m307_15us.bsf                    ; --            ; --          ; --         ;
; MISC_FILE                           ; comp_m307_15us.cmp                    ; --            ; --          ; --         ;
; MISC_FILE                           ; tm11_count_4bit.bsf                   ; --            ; --          ; --         ;
; MISC_FILE                           ; tm11_count_4bit.cmp                   ; --            ; --          ; --         ;
; MISC_FILE                           ; output_files/comp_74123_5us.bsf       ; --            ; --          ; --         ;
; MISC_FILE                           ; output_files/comp_74123_5us.cmp       ; --            ; --          ; --         ;
; MISC_FILE                           ; count_74123_50ms.bsf                  ; --            ; --          ; --         ;
; MISC_FILE                           ; count_74123_50ms.cmp                  ; --            ; --          ; --         ;
; MISC_FILE                           ; output_files/comp_74123_50ms.bsf      ; --            ; --          ; --         ;
; MISC_FILE                           ; output_files/comp_74123_50ms.cmp      ; --            ; --          ; --         ;
; MISC_FILE                           ; includes/comp_74123_10us.bsf          ; --            ; --          ; --         ;
; MISC_FILE                           ; includes/comp_74123_10us.cmp          ; --            ; --          ; --         ;
; MISC_FILE                           ; includes/comp_74123_1us.bsf           ; --            ; --          ; --         ;
; MISC_FILE                           ; includes/comp_74123_1us.cmp           ; --            ; --          ; --         ;
; MISC_FILE                           ; includes/tu10_count_sdwn_timer.bsf    ; --            ; --          ; --         ;
; MISC_FILE                           ; includes/tu10_count_sdwn_timer.cmp    ; --            ; --          ; --         ;
; MISC_FILE                           ; constant_dma_test.bsf                 ; --            ; --          ; --         ;
; MISC_FILE                           ; constant_dma_test.cmp                 ; --            ; --          ; --         ;
; MISC_FILE                           ; comp_10khz.bsf                        ; --            ; --          ; --         ;
; MISC_FILE                           ; comp_10khz.cmp                        ; --            ; --          ; --         ;
; MISC_FILE                           ; test_const_wr_cnt.bsf                 ; --            ; --          ; --         ;
; MISC_FILE                           ; test_const_wr_cnt.cmp                 ; --            ; --          ; --         ;
; PARTITION_COLOR                     ; 16764057                              ; --            ; --          ; Top        ;
; PARTITION_FITTER_PRESERVATION_LEVEL ; PLACEMENT_AND_ROUTING                 ; --            ; --          ; Top        ;
; PARTITION_NETLIST_TYPE              ; SOURCE                                ; --            ; --          ; Top        ;
; POWER_BOARD_THERMAL_MODEL           ; None (CONSERVATIVE)                   ; --            ; --          ; --         ;
; POWER_PRESET_COOLING_SOLUTION       ; 23 MM HEAT SINK WITH 200 LFPM AIRFLOW ; --            ; --          ; --         ;
; PROJECT_OUTPUT_DIRECTORY            ; output_files                          ; --            ; --          ; --         ;
+-------------------------------------+---------------------------------------+---------------+-------------+------------+


+-------------------------------------------------------------------------------------------------------------------------------+
; Flow Elapsed Time                                                                                                             ;
+---------------------------+--------------+-------------------------+---------------------+------------------------------------+
; Module Name               ; Elapsed Time ; Average Processors Used ; Peak Virtual Memory ; Total CPU Time (on all processors) ;
+---------------------------+--------------+-------------------------+---------------------+------------------------------------+
; Analysis & Synthesis      ; 00:00:16     ; 1.0                     ; 401 MB              ; 00:00:12                           ;
; Fitter                    ; 00:00:22     ; 1.0                     ; 488 MB              ; 00:00:15                           ;
; Assembler                 ; 00:00:05     ; 1.0                     ; 356 MB              ; 00:00:04                           ;
; TimeQuest Timing Analyzer ; 00:00:04     ; 1.0                     ; 339 MB              ; 00:00:02                           ;
; Total                     ; 00:00:47     ; --                      ; --                  ; 00:00:33                           ;
+---------------------------+--------------+-------------------------+---------------------+------------------------------------+


+----------------------------------------------------------------------------------------+
; Flow OS Summary                                                                        ;
+---------------------------+------------------+-----------+------------+----------------+
; Module Name               ; Machine Hostname ; OS Name   ; OS Version ; Processor type ;
+---------------------------+------------------+-----------+------------+----------------+
; Analysis & Synthesis      ; Olafs-PC         ; Windows 7 ; 6.1        ; x86_64         ;
; Fitter                    ; Olafs-PC         ; Windows 7 ; 6.1        ; x86_64         ;
; Assembler                 ; Olafs-PC         ; Windows 7 ; 6.1        ; x86_64         ;
; TimeQuest Timing Analyzer ; Olafs-PC         ; Windows 7 ; 6.1        ; x86_64         ;
+---------------------------+------------------+-----------+------------+----------------+


------------
; Flow Log ;
------------
quartus_map --read_settings_files=on --write_settings_files=off mt11_controller_c-ii -c mt11_controller_c-ii
quartus_fit --read_settings_files=off --write_settings_files=off mt11_controller_c-ii -c mt11_controller_c-ii
quartus_asm --read_settings_files=off --write_settings_files=off mt11_controller_c-ii -c mt11_controller_c-ii
quartus_sta mt11_controller_c-ii -c mt11_controller_c-ii



